#
# A fatal error has been detected by the Java Runtime Environment:
#
#  EXCEPTION_ACCESS_VIOLATION (0xc0000005) at pc=0x00007ffa16e7ab87, pid=1528, tid=18824
#
# JRE version: Java(TM) SE Runtime Environment (24.0+36) (build 24+36-3646)
# Java VM: Java HotSpot(TM) 64-Bit Server VM (24+36-3646, mixed mode, sharing, tiered, compressed oops, compressed class ptrs, g1 gc, windows-amd64)
# Problematic frame:
# V  [jvm.dll+0x70ab87]
#
# No core dump will be written. Minidumps are not enabled by default on client versions of Windows
#
# If you would like to submit a bug report, please visit:
#   https://bugreport.java.com/bugreport/crash.jsp
#

---------------  S U M M A R Y ------------

Command Line: -Dclassworlds.conf=C:\Program Files\Apache\Maven\apache-maven-3.9.9\bin\m2.conf -Dmaven.home=C:\Program Files\Apache\Maven\apache-maven-3.9.9 -Dlibrary.jansi.path=C:\Program Files\Apache\Maven\apache-maven-3.9.9\lib\jansi-native -Dmaven.multiModuleProjectDirectory=H:\POO\projeto\clinica org.codehaus.plexus.classworlds.launcher.Launcher clean compile

Host: AMD Ryzen 5 1400 Quad-Core Processor           , 8 cores, 7G,  Windows 10 , 64 bit Build 19041 (10.0.19041.5794)
Time: Fri May 23 02:27:31 2025 Hora oficial do Brasil elapsed time: 10.384833 seconds (0d 0h 0m 10s)

---------------  T H R E A D  ---------------

Current thread (0x0000025a357460a0):  JavaThread "C2 CompilerThread0" daemon [_thread_in_native, id=18824, stack(0x000000ae6a800000,0x000000ae6a900000) (1024K)]


Current CompileTask:
C2:10384 4898   !   4       jdk.internal.loader.BuiltinClassLoader::loadClassOrNull (143 bytes)

Stack: [0x000000ae6a800000,0x000000ae6a900000],  sp=0x000000ae6a8fbcf0,  free space=1007k
Native frames: (J=compiled Java code, j=interpreted, Vv=VM code, C=native code)
V  [jvm.dll+0x70ab87]  (no source info available)
V  [jvm.dll+0x6c804e]  (no source info available)
V  [jvm.dll+0x6c4d2f]  (no source info available)
V  [jvm.dll+0x6c2225]  (no source info available)
V  [jvm.dll+0x6c03ad]  (no source info available)
V  [jvm.dll+0x759cfe]  (no source info available)
V  [jvm.dll+0x758252]  (no source info available)
V  [jvm.dll+0x2704fe]  (no source info available)
V  [jvm.dll+0x26e902]  (no source info available)
V  [jvm.dll+0x1e9d00]  (no source info available)
V  [jvm.dll+0x27e1bb]  (no source info available)
V  [jvm.dll+0x27c45a]  (no source info available)
V  [jvm.dll+0x42f566]  (no source info available)
V  [jvm.dll+0x87d8fb]  (no source info available)
V  [jvm.dll+0x72efe5]  (no source info available)
C  [ucrtbase.dll+0x21bb2]  (no source info available)
C  [KERNEL32.DLL+0x17374]  (no source info available)
C  [ntdll.dll+0x4cc91]  (no source info available)


siginfo: EXCEPTION_ACCESS_VIOLATION (0xc0000005), reading address 0xffffffffffffffff


Registers:
RAX=0x0000025a7c2c5b60, RBX=0x0000025a359c19e8, RCX=0x0000000000000000, RDX=0x0000025a7c124220
RSP=0x000000ae6a8fbcf0, RBP=0x000000ae6a8fbde8, RSI=0x0000025a7c560088, RDI=0x0000025a359c19e8
R8 =0x00000000ffffffff, R9 =0x0000025a7c124220, R10=0x0000025a7c5bebc8, R11=0x00007ffa89e61b94
R12=0x0000025a7c560001, R13=0x0000000000000000, R14=0x0000000000000000, R15=0x00000000000003e8
RIP=0x00007ffa16e7ab87, EFLAGS=0x0000000000010297

XMM[0]=0x0000000000000000 0x0000000000000000
XMM[1]=0x0000025a7c55df41 0x0000025a7c2c5b60
XMM[2]=0x0000025a7c2bf6e8 0x0000025a7c55c1b1
XMM[3]=0x0000000000000000 0x0000000000000000
XMM[4]=0x0000000000000000 0x0000000000000000
XMM[5]=0x0000000000000000 0x0000000000000000
XMM[6]=0x0000000000000000 0x0000000000000000
XMM[7]=0x0000000000000000 0x0000000000000000
XMM[8]=0x0000000000000000 0x0000000000000000
XMM[9]=0x0000000000000000 0x0000000000000000
XMM[10]=0x0000000000000000 0x0000000000000000
XMM[11]=0x0000000000000000 0x0000000000000000
XMM[12]=0x0000000000000000 0x0000000000000000
XMM[13]=0x0000000000000000 0x0000000000000000
XMM[14]=0x0000000000000000 0x0000000000000000
XMM[15]=0x0000000000000000 0x0000000000000000
  MXCSR=0x00001fa0


Register to memory mapping:

RAX=0x0000025a7c2c5b60 points into unknown readable memory: 0x00007ffa1716cca8 | a8 cc 16 17 fa 7f 00 00
RBX=0x0000025a359c19e8 points into unknown readable memory: 0x00007ffa1716cca8 | a8 cc 16 17 fa 7f 00 00
RCX=0x0 is null
RDX=0x0000025a7c124220 points into unknown readable memory: 0x0000025a7c2c5b60 | 60 5b 2c 7c 5a 02 00 00
RSP=0x000000ae6a8fbcf0 is pointing into the stack for thread: 0x0000025a357460a0
RBP=0x000000ae6a8fbde8 is pointing into the stack for thread: 0x0000025a357460a0
RSI=0x0000025a7c560088 points into unknown readable memory: 0x00007ffa17183268 | 68 32 18 17 fa 7f 00 00
RDI=0x0000025a359c19e8 points into unknown readable memory: 0x00007ffa1716cca8 | a8 cc 16 17 fa 7f 00 00
R8 =0x00000000ffffffff is an unknown heap location
R9 =0x0000025a7c124220 points into unknown readable memory: 0x0000025a7c2c5b60 | 60 5b 2c 7c 5a 02 00 00
R10=0x0000025a7c5bebc8 points into unknown readable memory: 0x0000025a7b5d1a50 | 50 1a 5d 7b 5a 02 00 00
R11=0x00007ffa89e61b94 VCRUNTIME140.dll
R12=0x0000025a7c560001 points into unknown readable memory: 0b 56 7c 5a 02 00 00
R13=0x0 is null
R14=0x0 is null
R15=0x00000000000003e8 is an unknown value

Top of Stack: (sp=0x000000ae6a8fbcf0)
0x000000ae6a8fbcf0:   0000025a7b124410 0000000000000008   .D.{Z...........
0x000000ae6a8fbd00:   0000000000000000 00007ffa1703297e   ........~)......
0x000000ae6a8fbd10:   0000025a7c560a80 0000000000000000   ..V|Z...........
0x000000ae6a8fbd20:   0000000000000001 0000025a7c560088   ..........V|Z...
0x000000ae6a8fbd30:   0000025a7c2b3b38 0000000000000003   8;+|Z...........
0x000000ae6a8fbd40:   000000ae6a8fbde9 00007ffa16e3804e   ...j....N.......
0x000000ae6a8fbd50:   0000025a7c2b3b38 0000025a7c560088   8;+|Z.....V|Z...
0x000000ae6a8fbd60:   0000025a7c2a87f8 0000000000000001   ..*|Z...........
0x000000ae6a8fbd70:   0000025a357248e0 0000025a00000004   .Hr5Z.......Z...
0x000000ae6a8fbd80:   0000025a7c123a00 0000000000000000   .:.|Z...........
0x000000ae6a8fbd90:   0000025a00000002 0000020000000200   ....Z...........
0x000000ae6a8fbda0:   0000025a7c123a20 0000025a357248e0    :.|Z....Hr5Z...
0x000000ae6a8fbdb0:   0000025a7bd71990 0000025a00000000   ...{Z.......Z...
0x000000ae6a8fbdc0:   0000025a357248e0 0000025a7c122f20   .Hr5Z... /.|Z...
0x000000ae6a8fbdd0:   0000025a7c1239e0 0000025a7c12af08   .9.|Z......|Z...
0x000000ae6a8fbde0:   0000000000050248 0000025a357248e0   H........Hr5Z...
0x000000ae6a8fbdf0:   0000000000000010 0000025a7c124220   ........ B.|Z...
0x000000ae6a8fbe00:   0000000000000001 00007ffa00000010   ................
0x000000ae6a8fbe10:   0000000000000002 0000025a7c560a80   ..........V|Z...
0x000000ae6a8fbe20:   0000025a7c2b0ef8 000000ae6a8fc360   ..+|Z...`..j....
0x000000ae6a8fbe30:   0000000000000013 0000025a7c2b83b8   ..........+|Z...
0x000000ae6a8fbe40:   000000ae6a8fbeb9 00007ffa16e34d2f   ...j..../M......
0x000000ae6a8fbe50:   0000025a7c041900 0000025a7c560a80   ...|Z.....V|Z...
0x000000ae6a8fbe60:   0000025a7c560088 0000000000000023   ..V|Z...#.......
0x000000ae6a8fbe70:   0000000000050248 0000025a7c122fc0   H......../.|Z...
0x000000ae6a8fbe80:   0000025a7c12af08 00007ffa17000b40   ...|Z...@.......
0x000000ae6a8fbe90:   0000025a357248e0 0000025a00000040   .Hr5Z...@...Z...
0x000000ae6a8fbea0:   0000025a7c1237e0 0000025a353bb450   .7.|Z...P.;5Z...
0x000000ae6a8fbeb0:   0000000000000024 0000020000000200   $...............
0x000000ae6a8fbec0:   0000025a7c122fe0 0000025a357248e0   ./.|Z....Hr5Z...
0x000000ae6a8fbed0:   0000000000000001 0000000000000000   ................
0x000000ae6a8fbee0:   0000000000000001 0000025a7c563ef8   .........>V|Z...

Instructions: (pc=0x00007ffa16e7ab87)
  0x00007ffa16e7aa87:   75 07 48 8b 43 08 48 8b 18 48 85 db 74 22 4c 39
  0x00007ffa16e7aa97:   6b 10 74 0c 48 8b 43 08 48 8b 18 48 85 db 74 10
  0x00007ffa16e7aaa7:   8b 43 2c 24 0f 3c 08 75 07 48 8b 43 08 48 8b 18
  0x00007ffa16e7aab7:   48 3b fb 0f 85 3b 01 00 00 8b 4f 2c 8b c1 83 e0
  0x00007ffa16e7aac7:   7f 3c 60 75 0d 48 8b 47 08 48 8b 58 08 e9 1d 01
  0x00007ffa16e7aad7:   00 00 83 e1 3f 83 f9 20 0f 85 11 01 00 00 83 7f
  0x00007ffa16e7aae7:   18 02 75 0d 48 8b 47 08 48 8b 58 08 e9 fe 00 00
  0x00007ffa16e7aaf7:   00 83 f9 20 0f 85 f5 00 00 00 44 8b 45 20 45 32
  0x00007ffa16e7ab07:   f6 41 83 e8 01 44 8b 3d c5 59 52 00 78 72 4c 8b
  0x00007ffa16e7ab17:   4d 10 0f 1f 80 00 00 00 00 4b 8b 04 c1 4b 8d 14
  0x00007ffa16e7ab27:   c1 0f b6 c8 48 83 e0 fe 80 e1 01 48 3b c7 74 08
  0x00007ffa16e7ab37:   41 83 e8 01 79 e3 eb 48 84 c9 0f 85 f0 00 00 00
  0x00007ffa16e7ab47:   8b 4d 08 41 8d 40 01 41 2b c8 4d 8d 0c c1 83 e9
  0x00007ffa16e7ab57:   01 74 1a 66 0f 1f 44 00 00 49 8b 01 4d 8d 49 08
  0x00007ffa16e7ab67:   48 89 02 48 8d 52 08 48 83 e9 01 75 ec 8b 4d 08
  0x00007ffa16e7ab77:   41 b6 01 48 8b 45 10 ff c9 4c 89 2c c8 ff 4d 20
=>0x00007ffa16e7ab87:   44 8b 4f 18 ba 01 00 00 00 45 0f b6 c6 44 3b ca
  0x00007ffa16e7ab97:   76 31 4c 8b 57 08 0f 1f 00 8b c2 49 8b 0c c2 48
  0x00007ffa16e7aba7:   85 c9 74 13 4c 39 69 10 74 0d 48 3b cf 74 08 45
  0x00007ffa16e7abb7:   85 c0 74 0c 41 ff c8 ff c2 41 3b d1 72 db eb 03
  0x00007ffa16e7abc7:   48 8b d9 8b 75 20 8d 46 01 89 45 20 3b 75 08 72
  0x00007ffa16e7abd7:   0a 8b d6 48 8b cd e8 de 05 00 00 48 8b 45 10 41
  0x00007ffa16e7abe7:   0f b6 d6 48 03 d7 48 89 14 f0 48 8b 74 24 68 48
  0x00007ffa16e7abf7:   3b df 74 3c 48 3b de 75 05 45 84 e4 75 32 41 83
  0x00007ffa16e7ac07:   ef 01 78 2c 48 8b fb 48 85 db 74 24 48 8b 5c 24
  0x00007ffa16e7ac17:   60 e9 f3 fd ff ff b8 01 00 00 00 eb 15 45 84 e4
  0x00007ffa16e7ac27:   41 0f 95 c5 41 8b c5 eb 09 b8 02 00 00 00 eb 02
  0x00007ffa16e7ac37:   33 c0 48 8b 5c 24 78 48 83 c4 20 41 5f 41 5e 41
  0x00007ffa16e7ac47:   5d 41 5c 5f 5e 5d c3 cc cc 48 89 5c 24 08 57 48
  0x00007ffa16e7ac57:   83 ec 20 4c 8b 41 08 48 8b da 48 8b f9 49 8b 00
  0x00007ffa16e7ac67:   48 85 c0 75 05 49 89 10 eb 43 48 3b c3 74 71 8b
  0x00007ffa16e7ac77:   51 1c 39 51 18 73 0a 8d 42 ff 49 83 3c c0 00 74


Stack slot to memory mapping:

stack at sp + 0 slots: 0x0000025a7b124410 points into unknown readable memory: 0x00007ffa1716cfd0 | d0 cf 16 17 fa 7f 00 00
stack at sp + 1 slots: 0x0000000000000008 is an unknown value
stack at sp + 2 slots: 0x0 is null
stack at sp + 3 slots: 0x00007ffa1703297e jvm.dll
stack at sp + 4 slots: 0x0000025a7c560a80 points into unknown readable memory: 0x00007ffa171fe978 | 78 e9 1f 17 fa 7f 00 00
stack at sp + 5 slots: 0x0 is null
stack at sp + 6 slots: 0x0000000000000001 is an unknown value
stack at sp + 7 slots: 0x0000025a7c560088 points into unknown readable memory: 0x00007ffa17183268 | 68 32 18 17 fa 7f 00 00

Lock stack of current Java thread (top to bottom):


---------------  P R O C E S S  ---------------

Threads class SMR info:
_java_thread_list=0x0000025a7c79f1b0, length=12, elements={
0x0000025a16576470, 0x0000025a35731ce0, 0x0000025a35732420, 0x0000025a3573b7d0,
0x0000025a3573c300, 0x0000025a3573ce30, 0x0000025a3573fd70, 0x0000025a357460a0,
0x0000025a35749040, 0x0000025a357f2140, 0x0000025a3581a8e0, 0x0000025a7bdc77b0
}

Java Threads: ( => current thread )
  0x0000025a16576470 JavaThread "main"                              [_thread_in_vm, id=1952, stack(0x000000ae69a00000,0x000000ae69b00000) (1024K)]
  0x0000025a35731ce0 JavaThread "Reference Handler"          daemon [_thread_blocked, id=12752, stack(0x000000ae6a200000,0x000000ae6a300000) (1024K)]
  0x0000025a35732420 JavaThread "Finalizer"                  daemon [_thread_blocked, id=14332, stack(0x000000ae6a300000,0x000000ae6a400000) (1024K)]
  0x0000025a3573b7d0 JavaThread "Signal Dispatcher"          daemon [_thread_blocked, id=16392, stack(0x000000ae6a400000,0x000000ae6a500000) (1024K)]
  0x0000025a3573c300 JavaThread "Attach Listener"            daemon [_thread_blocked, id=19220, stack(0x000000ae6a500000,0x000000ae6a600000) (1024K)]
  0x0000025a3573ce30 JavaThread "Service Thread"             daemon [_thread_blocked, id=11848, stack(0x000000ae6a600000,0x000000ae6a700000) (1024K)]
  0x0000025a3573fd70 JavaThread "Monitor Deflation Thread"   daemon [_thread_blocked, id=13184, stack(0x000000ae6a700000,0x000000ae6a800000) (1024K)]
=>0x0000025a357460a0 JavaThread "C2 CompilerThread0"         daemon [_thread_in_native, id=18824, stack(0x000000ae6a800000,0x000000ae6a900000) (1024K)]
  0x0000025a35749040 JavaThread "C1 CompilerThread0"         daemon [_thread_in_vm, id=14656, stack(0x000000ae6a900000,0x000000ae6aa00000) (1024K)]
  0x0000025a357f2140 JavaThread "Notification Thread"        daemon [_thread_blocked, id=20608, stack(0x000000ae6aa00000,0x000000ae6ab00000) (1024K)]
  0x0000025a3581a8e0 JavaThread "Common-Cleaner"             daemon [_thread_blocked, id=18348, stack(0x000000ae6ab00000,0x000000ae6ac00000) (1024K)]
  0x0000025a7bdc77b0 JavaThread "Thread-1"                   daemon [_thread_blocked, id=18332, stack(0x000000ae6b100000,0x000000ae6b200000) (1024K)]
Total: 12

Other Threads:
  0x0000025a354fe960 VMThread "VM Thread"                           [id=10872, stack(0x000000ae6a100000,0x000000ae6a200000) (1024K)]
  0x0000025a353c8830 WatcherThread "VM Periodic Task Thread"        [id=21476, stack(0x000000ae6a000000,0x000000ae6a100000) (1024K)]
  0x0000025a189ba480 WorkerThread "GC Thread#0"                     [id=13736, stack(0x000000ae69b00000,0x000000ae69c00000) (1024K)]
  0x0000025a7bb4ff60 WorkerThread "GC Thread#1"                     [id=3376, stack(0x000000ae6ac00000,0x000000ae6ad00000) (1024K)]
  0x0000025a7bb50310 WorkerThread "GC Thread#2"                     [id=8648, stack(0x000000ae6ad00000,0x000000ae6ae00000) (1024K)]
  0x0000025a7bb61ac0 WorkerThread "GC Thread#3"                     [id=3268, stack(0x000000ae6ae00000,0x000000ae6af00000) (1024K)]
  0x0000025a7bb61e70 WorkerThread "GC Thread#4"                     [id=7272, stack(0x000000ae6af00000,0x000000ae6b000000) (1024K)]
  0x0000025a7bb62220 WorkerThread "GC Thread#5"                     [id=18532, stack(0x000000ae6b000000,0x000000ae6b100000) (1024K)]
  0x0000025a7b9d5470 WorkerThread "GC Thread#6"                     [id=1320, stack(0x000000ae6b400000,0x000000ae6b500000) (1024K)]
  0x0000025a7c0b2530 WorkerThread "GC Thread#7"                     [id=20184, stack(0x000000ae6b500000,0x000000ae6b600000) (1024K)]
  0x0000025a189cefd0 ConcurrentGCThread "G1 Main Marker"            [id=21212, stack(0x000000ae69c00000,0x000000ae69d00000) (1024K)]
  0x0000025a189d1b80 WorkerThread "G1 Conc#0"                       [id=20540, stack(0x000000ae69d00000,0x000000ae69e00000) (1024K)]
  0x0000025a7c0b3f00 WorkerThread "G1 Conc#1"                       [id=19732, stack(0x000000ae6b200000,0x000000ae6b300000) (1024K)]
  0x0000025a353ba150 ConcurrentGCThread "G1 Refine#0"               [id=4200, stack(0x000000ae69e00000,0x000000ae69f00000) (1024K)]
  0x0000025a353ba980 ConcurrentGCThread "G1 Service"                [id=6620, stack(0x000000ae69f00000,0x000000ae6a000000) (1024K)]
Total: 15

Threads with active compile tasks:
C2 CompilerThread0  10677 4898   !   4       jdk.internal.loader.BuiltinClassLoader::loadClassOrNull (143 bytes)
C1 CompilerThread0  10677 4964       3       com.sun.tools.javac.util.StringNameTable::fromString (50 bytes)
Total: 2

VM state: not at safepoint (normal execution)

VM Mutex/Monitor currently owned by a thread: None

Heap address: 0x0000000081a00000, size: 2022 MB, Compressed Oops mode: 32-bit

CDS archive(s) mapped at: [0x0000025a36000000-0x0000025a36d40000-0x0000025a36d40000), size 13893632, SharedBaseAddress: 0x0000025a36000000, ArchiveRelocationMode: 1.
Compressed class space mapped at: 0x0000025a37000000-0x0000025a77000000, reserved size: 1073741824
UseCompressedClassPointers 1, UseCompactObjectHeaders 0
Narrow klass pointer bits 32, Max shift 3
Narrow klass base: 0x0000025a36000000, Narrow klass shift: 0
Encoding Range: [0x0000025a36000000 - 0x0000025b36000000), (4294967296 bytes)
Klass Range:    [0x0000025a36000000 - 0x0000025a77000000), (1090519040 bytes)
Klass ID Range:  [8 - 1090519033) (1090519025)

GC Precious Log:
 CardTable entry size: 512
 Card Set container configuration: InlinePtr #cards 5 size 8 Array Of Cards #cards 10 size 36 Howl #buckets 4 coarsen threshold 1843 Howl Bitmap #cards 512 size 80 coarsen threshold 460 Card regions per heap region 1 cards per card region 2048
 CPUs: 8 total, 8 available
 Memory: 8085M
 Large Page Support: Disabled
 NUMA Support: Disabled
 Compressed Oops: Enabled (32-bit)
 Heap Region Size: 1M
 Heap Min Capacity: 8M
 Heap Initial Capacity: 128M
 Heap Max Capacity: 2022M
 Pre-touch: Disabled
 Parallel Workers: 8
 Concurrent Workers: 2
 Concurrent Refinement Workers: 8
 Periodic GC: Disabled

Heap:
 garbage-first heap   total reserved 2070528K, committed 51200K, used 15040K [0x0000000081a00000, 0x0000000100000000)
  region size 1024K, 11 young (11264K), 8 survivors (8192K)
 Metaspace       used 23248K, committed 23616K, reserved 1114112K
  class space    used 2291K, committed 2432K, reserved 1048576K

Heap Regions: E=young(eden), S=young(survivor), O=old, HS=humongous(starts), HC=humongous(continues), CS=collection set, F=free, TAMS=top-at-mark-start, PB=parsable bottom
|   0|0x0000000081a00000, 0x0000000081b00000, 0x0000000081b00000|100%| O|  |TAMS 0x0000000081a00000| PB 0x0000000081a00000| Untracked |  0
|   1|0x0000000081b00000, 0x0000000081c00000, 0x0000000081c00000|100%| O|  |TAMS 0x0000000081b00000| PB 0x0000000081b00000| Untracked |  0
|   2|0x0000000081c00000, 0x0000000081d00000, 0x0000000081d00000|100%| O|  |TAMS 0x0000000081c00000| PB 0x0000000081c00000| Untracked |  0
|   3|0x0000000081d00000, 0x0000000081e00000, 0x0000000081e00000|100%| O|  |TAMS 0x0000000081d00000| PB 0x0000000081d00000| Untracked |  0
|   4|0x0000000081e00000, 0x0000000081e50a00, 0x0000000081f00000| 31%| O|  |TAMS 0x0000000081e00000| PB 0x0000000081e00000| Untracked |  0
|   5|0x0000000081f00000, 0x0000000081f00000, 0x0000000082000000|  0%| F|  |TAMS 0x0000000081f00000| PB 0x0000000081f00000| Untracked |  0
|   6|0x0000000082000000, 0x0000000082000000, 0x0000000082100000|  0%| F|  |TAMS 0x0000000082000000| PB 0x0000000082000000| Untracked |  0
|   7|0x0000000082100000, 0x0000000082100000, 0x0000000082200000|  0%| F|  |TAMS 0x0000000082100000| PB 0x0000000082100000| Untracked |  0
|   8|0x0000000082200000, 0x0000000082200000, 0x0000000082300000|  0%| F|  |TAMS 0x0000000082200000| PB 0x0000000082200000| Untracked |  0
|   9|0x0000000082300000, 0x0000000082300000, 0x0000000082400000|  0%| F|  |TAMS 0x0000000082300000| PB 0x0000000082300000| Untracked |  0
|  10|0x0000000082400000, 0x0000000082400000, 0x0000000082500000|  0%| F|  |TAMS 0x0000000082400000| PB 0x0000000082400000| Untracked |  0
|  11|0x0000000082500000, 0x0000000082500000, 0x0000000082600000|  0%| F|  |TAMS 0x0000000082500000| PB 0x0000000082500000| Untracked |  0
|  12|0x0000000082600000, 0x0000000082600000, 0x0000000082700000|  0%| F|  |TAMS 0x0000000082600000| PB 0x0000000082600000| Untracked |  0
|  13|0x0000000082700000, 0x0000000082700000, 0x0000000082800000|  0%| F|  |TAMS 0x0000000082700000| PB 0x0000000082700000| Untracked |  0
|  14|0x0000000082800000, 0x0000000082800000, 0x0000000082900000|  0%| F|  |TAMS 0x0000000082800000| PB 0x0000000082800000| Untracked |  0
|  15|0x0000000082900000, 0x0000000082900000, 0x0000000082a00000|  0%| F|  |TAMS 0x0000000082900000| PB 0x0000000082900000| Untracked |  0
|  16|0x0000000082a00000, 0x0000000082a00000, 0x0000000082b00000|  0%| F|  |TAMS 0x0000000082a00000| PB 0x0000000082a00000| Untracked |  0
|  17|0x0000000082b00000, 0x0000000082b00000, 0x0000000082c00000|  0%| F|  |TAMS 0x0000000082b00000| PB 0x0000000082b00000| Untracked |  0
|  18|0x0000000082c00000, 0x0000000082c00000, 0x0000000082d00000|  0%| F|  |TAMS 0x0000000082c00000| PB 0x0000000082c00000| Untracked |  0
|  19|0x0000000082d00000, 0x0000000082d00000, 0x0000000082e00000|  0%| F|  |TAMS 0x0000000082d00000| PB 0x0000000082d00000| Untracked |  0
|  20|0x0000000082e00000, 0x0000000082e00000, 0x0000000082f00000|  0%| F|  |TAMS 0x0000000082e00000| PB 0x0000000082e00000| Untracked |  0
|  21|0x0000000082f00000, 0x0000000082f00000, 0x0000000083000000|  0%| F|  |TAMS 0x0000000082f00000| PB 0x0000000082f00000| Untracked |  0
|  22|0x0000000083000000, 0x0000000083000000, 0x0000000083100000|  0%| F|  |TAMS 0x0000000083000000| PB 0x0000000083000000| Untracked |  0
|  23|0x0000000083100000, 0x0000000083100000, 0x0000000083200000|  0%| F|  |TAMS 0x0000000083100000| PB 0x0000000083100000| Untracked |  0
|  24|0x0000000083200000, 0x0000000083200000, 0x0000000083300000|  0%| F|  |TAMS 0x0000000083200000| PB 0x0000000083200000| Untracked |  0
|  25|0x0000000083300000, 0x0000000083300000, 0x0000000083400000|  0%| F|  |TAMS 0x0000000083300000| PB 0x0000000083300000| Untracked |  0
|  26|0x0000000083400000, 0x0000000083400000, 0x0000000083500000|  0%| F|  |TAMS 0x0000000083400000| PB 0x0000000083400000| Untracked |  0
|  27|0x0000000083500000, 0x0000000083500000, 0x0000000083600000|  0%| F|  |TAMS 0x0000000083500000| PB 0x0000000083500000| Untracked |  0
|  28|0x0000000083600000, 0x0000000083600000, 0x0000000083700000|  0%| F|  |TAMS 0x0000000083600000| PB 0x0000000083600000| Untracked |  0
|  29|0x0000000083700000, 0x0000000083700000, 0x0000000083800000|  0%| F|  |TAMS 0x0000000083700000| PB 0x0000000083700000| Untracked |  0
|  30|0x0000000083800000, 0x0000000083800000, 0x0000000083900000|  0%| F|  |TAMS 0x0000000083800000| PB 0x0000000083800000| Untracked |  0
|  31|0x0000000083900000, 0x0000000083900000, 0x0000000083a00000|  0%| F|  |TAMS 0x0000000083900000| PB 0x0000000083900000| Untracked |  0
|  32|0x0000000083a00000, 0x0000000083a00000, 0x0000000083b00000|  0%| F|  |TAMS 0x0000000083a00000| PB 0x0000000083a00000| Untracked |  0
|  33|0x0000000083b00000, 0x0000000083b00000, 0x0000000083c00000|  0%| F|  |TAMS 0x0000000083b00000| PB 0x0000000083b00000| Untracked |  0
|  34|0x0000000083c00000, 0x0000000083c00000, 0x0000000083d00000|  0%| F|  |TAMS 0x0000000083c00000| PB 0x0000000083c00000| Untracked |  0
|  35|0x0000000083d00000, 0x0000000083d00000, 0x0000000083e00000|  0%| F|  |TAMS 0x0000000083d00000| PB 0x0000000083d00000| Untracked |  0
|  36|0x0000000083e00000, 0x0000000083e00000, 0x0000000083f00000|  0%| F|  |TAMS 0x0000000083e00000| PB 0x0000000083e00000| Untracked |  0
|  37|0x0000000083f00000, 0x0000000083f80000, 0x0000000084000000| 50%| E|  |TAMS 0x0000000083f00000| PB 0x0000000083f00000| Complete |  0
|  38|0x0000000084000000, 0x0000000084100000, 0x0000000084100000|100%| E|CS|TAMS 0x0000000084000000| PB 0x0000000084000000| Complete |  0
|  70|0x0000000086000000, 0x0000000086042600, 0x0000000086100000| 25%| S|CS|TAMS 0x0000000086000000| PB 0x0000000086000000| Complete |  0
|  71|0x0000000086100000, 0x0000000086200000, 0x0000000086200000|100%| S|CS|TAMS 0x0000000086100000| PB 0x0000000086100000| Complete |  0
|  72|0x0000000086200000, 0x0000000086300000, 0x0000000086300000|100%| S|CS|TAMS 0x0000000086200000| PB 0x0000000086200000| Complete |  0
|  73|0x0000000086300000, 0x0000000086400000, 0x0000000086400000|100%| S|CS|TAMS 0x0000000086300000| PB 0x0000000086300000| Complete |  0
|  74|0x0000000086400000, 0x0000000086500000, 0x0000000086500000|100%| S|CS|TAMS 0x0000000086400000| PB 0x0000000086400000| Complete |  0
|  75|0x0000000086500000, 0x0000000086600000, 0x0000000086600000|100%| S|CS|TAMS 0x0000000086500000| PB 0x0000000086500000| Complete |  0
|  76|0x0000000086600000, 0x0000000086700000, 0x0000000086700000|100%| S|CS|TAMS 0x0000000086600000| PB 0x0000000086600000| Complete |  0
|  77|0x0000000086700000, 0x0000000086800000, 0x0000000086800000|100%| S|CS|TAMS 0x0000000086700000| PB 0x0000000086700000| Complete |  0
| 127|0x0000000089900000, 0x0000000089a00000, 0x0000000089a00000|100%| E|CS|TAMS 0x0000000089900000| PB 0x0000000089900000| Complete |  0
|2020|0x00000000ffe00000, 0x00000000fff00000, 0x00000000fff00000|100%| O|  |TAMS 0x00000000ffe00000| PB 0x00000000ffe00000| Untracked |  0
|2021|0x00000000fff00000, 0x00000000fff1d3c0, 0x0000000100000000| 11%| O|Cm|TAMS 0x00000000fff00000| PB 0x00000000fff00000| Complete |  0

Card table byte_map: [0x0000025a30900000,0x0000025a30d00000] _byte_map_base: 0x0000025a304f3000

Marking Bits: (CMBitMap*) 0x0000025a189baaa0
 Bits: [0x0000025a30d00000, 0x0000025a32c98000)

Polling page: 0x0000025a167f0000

Metaspace:

Usage:
  Non-class:     20.58 MB used.
      Class:      2.27 MB used.
       Both:     22.85 MB used.

Virtual space:
  Non-class space:       64.00 MB reserved,      20.81 MB ( 33%) committed,  1 nodes.
      Class space:        1.00 GB reserved,       2.44 MB ( <1%) committed,  1 nodes.
             Both:        1.06 GB reserved,      23.25 MB (  2%) committed. 

Chunk freelists:
   Non-Class:  10.64 MB
       Class:  13.59 MB
        Both:  24.23 MB

MaxMetaspaceSize: unlimited
CompressedClassSpaceSize: 1.00 GB
Initial GC threshold: 21.00 MB
Current GC threshold: 35.31 MB
CDS: on
 - commit_granule_bytes: 65536.
 - commit_granule_words: 8192.
 - virtual_space_node_default_size: 8388608.
 - enlarge_chunks_in_place: 1.
UseCompressedClassPointers 1, UseCompactObjectHeaders 0
Narrow klass pointer bits 32, Max shift 3
Narrow klass base: 0x0000025a36000000, Narrow klass shift: 0
Encoding Range: [0x0000025a36000000 - 0x0000025b36000000), (4294967296 bytes)
Klass Range:    [0x0000025a36000000 - 0x0000025a77000000), (1090519040 bytes)
Klass ID Range:  [8 - 1090519033) (1090519025)


Internal statistics:

num_allocs_failed_limit: 3.
num_arena_births: 270.
num_arena_deaths: 0.
num_vsnodes_births: 2.
num_vsnodes_deaths: 0.
num_space_committed: 372.
num_space_uncommitted: 0.
num_chunks_returned_to_freelist: 3.
num_chunks_taken_from_freelist: 1091.
num_chunk_merges: 3.
num_chunk_splits: 765.
num_chunks_enlarged: 605.
num_inconsistent_stats: 0.

CodeHeap 'non-profiled nmethods': size=120064Kb used=2033Kb max_used=2033Kb free=118030Kb
 bounds [0x0000025a28c90000, 0x0000025a28f00000, 0x0000025a301d0000]
CodeHeap 'profiled nmethods': size=120000Kb used=8584Kb max_used=8584Kb free=111415Kb
 bounds [0x0000025a211d0000, 0x0000025a21a40000, 0x0000025a28700000]
CodeHeap 'non-nmethods': size=5696Kb used=1375Kb max_used=1488Kb free=4320Kb
 bounds [0x0000025a28700000, 0x0000025a28970000, 0x0000025a28c90000]
CodeCache: size=245760Kb, used=11992Kb, max_used=12105Kb, free=233765Kb
 total_blobs=5511, nmethods=4969, adapters=447, full_count=0
Compilation: enabled, stopped_count=0, restarted_count=0

Compilation events (20 events):
Event: 10.266 Thread 0x0000025a35749040 nmethod 4897 0x0000025a21a07a88 code [0x0000025a21a07bc0, 0x0000025a21a07dd8]
Event: 10.266 Thread 0x0000025a35749040 4896       3       jdk.internal.jimage.ImageReader::releaseByteBuffer (5 bytes)
Event: 10.266 Thread 0x0000025a35749040 nmethod 4896 0x0000025a21a07e08 code [0x0000025a21a07f40, 0x0000025a21a081e8]
Event: 10.279 Thread 0x0000025a357460a0 4898   !   4       jdk.internal.loader.BuiltinClassLoader::loadClassOrNull (143 bytes)
Event: 10.285 Thread 0x0000025a35749040 4900       3       jdk.internal.jimage.ImageLocation::decompress (116 bytes)
Event: 10.286 Thread 0x0000025a35749040 nmethod 4900 0x0000025a21a08208 code [0x0000025a21a08400, 0x0000025a21a09160]
Event: 10.286 Thread 0x0000025a35749040 4901       3       jdk.internal.jimage.ImageLocation::verify (38 bytes)
Event: 10.287 Thread 0x0000025a35749040 nmethod 4901 0x0000025a21a09208 code [0x0000025a21a09380, 0x0000025a21a09a08]
Event: 10.287 Thread 0x0000025a35749040 4903   !   3       jdk.internal.jimage.BasicImageReader::slice (32 bytes)
Event: 10.287 Thread 0x0000025a35749040 nmethod 4903 0x0000025a21a09a88 code [0x0000025a21a09be0, 0x0000025a21a0a0a8]
Event: 10.287 Thread 0x0000025a35749040 4904       3       java.nio.DirectByteBufferR::<init> (25 bytes)
Event: 10.288 Thread 0x0000025a35749040 nmethod 4904 0x0000025a21a0a108 code [0x0000025a21a0a220, 0x0000025a21a0a3a0]
Event: 10.288 Thread 0x0000025a35749040 4905       3       java.nio.DirectByteBufferR::slice (5 bytes)
Event: 10.288 Thread 0x0000025a35749040 nmethod 4905 0x0000025a21a0a408 code [0x0000025a21a0a520, 0x0000025a21a0a6d8]
Event: 10.288 Thread 0x0000025a35749040 4902   !   3       jdk.internal.jimage.BasicImageReader::getResourceBuffer (203 bytes)
Event: 10.290 Thread 0x0000025a35749040 nmethod 4902 0x0000025a21a0a708 code [0x0000025a21a0aaa0, 0x0000025a21a0c7b0]
Event: 10.290 Thread 0x0000025a35749040 4906   !   3       jdk.internal.jimage.BasicImageReader::readBuffer (238 bytes)
Event: 10.291 Thread 0x0000025a35749040 nmethod 4906 0x0000025a21a0c888 code [0x0000025a21a0cae0, 0x0000025a21a0dc08]
Event: 10.291 Thread 0x0000025a35749040 4907       3       java.lang.ClassLoader::defineClass (108 bytes)
Event: 10.293 Thread 0x0000025a35749040 nmethod 4907 0x0000025a21a0dc88 code [0x0000025a21a0df00, 0x0000025a21a0f508]

GC Heap History (4 events):
Event: 2.772 GC heap before
{Heap before GC invocations=0 (full 0):
 garbage-first heap   total reserved 2070528K, committed 133120K, used 49268K [0x0000000081a00000, 0x0000000100000000)
  region size 1024K, 47 young (48128K), 0 survivors (0K)
 Metaspace       used 9899K, committed 10112K, reserved 1114112K
  class space    used 901K, committed 1024K, reserved 1048576K
}
Event: 2.786 GC heap after
{Heap after GC invocations=1 (full 0):
 garbage-first heap   total reserved 2070528K, committed 133120K, used 5748K [0x0000000081a00000, 0x0000000100000000)
  region size 1024K, 5 young (5120K), 5 survivors (5120K)
 Metaspace       used 9899K, committed 10112K, reserved 1114112K
  class space    used 901K, committed 1024K, reserved 1048576K
}
Event: 5.398 GC heap before
{Heap before GC invocations=1 (full 0):
 garbage-first heap   total reserved 2070528K, committed 133120K, used 62068K [0x0000000081a00000, 0x0000000100000000)
  region size 1024K, 60 young (61440K), 5 survivors (5120K)
 Metaspace       used 16001K, committed 16256K, reserved 1114112K
  class space    used 1570K, committed 1664K, reserved 1048576K
}
Event: 5.415 GC heap after
{Heap after GC invocations=2 (full 0):
 garbage-first heap   total reserved 2070528K, committed 133120K, used 9915K [0x0000000081a00000, 0x0000000100000000)
  region size 1024K, 5 young (5120K), 5 survivors (5120K)
 Metaspace       used 16001K, committed 16256K, reserved 1114112K
  class space    used 1570K, committed 1664K, reserved 1048576K
}

Dll operation events (8 events):
Event: 0.013 Loaded shared library C:\Program Files\Java\jdk-24\bin\java.dll
Event: 0.051 Loaded shared library C:\Program Files\Java\jdk-24\bin\jsvml.dll
Event: 0.064 Loaded shared library C:\Program Files\Java\jdk-24\bin\net.dll
Event: 0.068 Loaded shared library C:\Program Files\Java\jdk-24\bin\nio.dll
Event: 0.074 Loaded shared library C:\Program Files\Java\jdk-24\bin\zip.dll
Event: 0.353 Loaded shared library C:\Program Files\Apache\Maven\apache-maven-3.9.9\lib\jansi-native\Windows\x86_64\jansi.dll
Event: 0.356 Loaded shared library C:\Program Files\Java\jdk-24\bin\jimage.dll
Event: 0.388 Loaded shared library C:\Program Files\Java\jdk-24\bin\verify.dll

Deoptimization events (20 events):
Event: 9.064 Thread 0x0000025a16576470 Uncommon trap: trap_request=0xffffff66 fr.pc=0x0000025a28d6ed3c relative=0x000000000000037c
Event: 9.064 Thread 0x0000025a16576470 Uncommon trap: reason=speculate_class_check action=maybe_recompile pc=0x0000025a28d6ed3c method=java.lang.String.<init>(Ljava/lang/AbstractStringBuilder;Ljava/lang/Void;)V @ 10 c2
Event: 9.064 Thread 0x0000025a16576470 DEOPT PACKING pc=0x0000025a28d6ed3c sp=0x000000ae69afdb60
Event: 9.064 Thread 0x0000025a16576470 DEOPT UNPACKING pc=0x0000025a28816482 sp=0x000000ae69afdb30 mode 2
Event: 9.723 Thread 0x0000025a16576470 Uncommon trap: trap_request=0xffffffc6 fr.pc=0x0000025a28ce6554 relative=0x0000000000000274
Event: 9.723 Thread 0x0000025a16576470 Uncommon trap: reason=bimorphic_or_optimized_type_check action=maybe_recompile pc=0x0000025a28ce6554 method=java.nio.Buffer.<init>(IIIILjava/lang/foreign/MemorySegment;)V @ 39 c2
Event: 9.723 Thread 0x0000025a16576470 DEOPT PACKING pc=0x0000025a28ce6554 sp=0x000000ae69afd330
Event: 9.723 Thread 0x0000025a16576470 DEOPT UNPACKING pc=0x0000025a28816482 sp=0x000000ae69afd2b8 mode 2
Event: 9.784 Thread 0x0000025a16576470 Uncommon trap: trap_request=0xffffffc6 fr.pc=0x0000025a28ce6554 relative=0x0000000000000274
Event: 9.784 Thread 0x0000025a16576470 Uncommon trap: reason=bimorphic_or_optimized_type_check action=maybe_recompile pc=0x0000025a28ce6554 method=java.nio.Buffer.<init>(IIIILjava/lang/foreign/MemorySegment;)V @ 39 c2
Event: 9.784 Thread 0x0000025a16576470 DEOPT PACKING pc=0x0000025a28ce6554 sp=0x000000ae69af8f10
Event: 9.784 Thread 0x0000025a16576470 DEOPT UNPACKING pc=0x0000025a28816482 sp=0x000000ae69af8e98 mode 2
Event: 10.099 Thread 0x0000025a16576470 Uncommon trap: trap_request=0xffffff4d fr.pc=0x0000025a28d776e4 relative=0x00000000000000c4
Event: 10.099 Thread 0x0000025a16576470 Uncommon trap: reason=unstable_if action=reinterpret pc=0x0000025a28d776e4 method=java.util.Spliterator.getExactSizeIfKnown()J @ 9 c2
Event: 10.099 Thread 0x0000025a16576470 DEOPT PACKING pc=0x0000025a28d776e4 sp=0x000000ae69afd630
Event: 10.099 Thread 0x0000025a16576470 DEOPT UNPACKING pc=0x0000025a28816482 sp=0x000000ae69afd5d0 mode 2
Event: 10.127 Thread 0x0000025a16576470 Uncommon trap: trap_request=0xffffff4d fr.pc=0x0000025a28d1425c relative=0x0000000000000c9c
Event: 10.127 Thread 0x0000025a16576470 Uncommon trap: reason=unstable_if action=reinterpret pc=0x0000025a28d1425c method=jdk.internal.jimage.ImageLocation.verifyName(Ljava/lang/String;Ljava/lang/String;IIIIIILjdk/internal/jimage/ImageStrings;)Z @ 45 c2
Event: 10.127 Thread 0x0000025a16576470 DEOPT PACKING pc=0x0000025a28d1425c sp=0x000000ae69afcdb0
Event: 10.127 Thread 0x0000025a16576470 DEOPT UNPACKING pc=0x0000025a28816482 sp=0x000000ae69afcac8 mode 2

Classes loaded (20 events):
Event: 10.124 Loading class java/nio/channels/AsynchronousChannel done
Event: 10.125 Loading class java/nio/channels/AsynchronousFileChannel done
Event: 10.125 Loading class jdk/internal/jrtfs/JrtFileSystemProvider
Event: 10.126 Loading class jdk/internal/jrtfs/JrtFileSystemProvider done
Event: 10.127 Loading class sun/net/www/protocol/jrt/JavaRuntimeURLConnection
Event: 10.128 Loading class sun/net/www/protocol/jrt/JavaRuntimeURLConnection done
Event: 10.128 Loading class sun/net/www/protocol/jrt/JavaRuntimeURLConnection$1
Event: 10.128 Loading class sun/net/www/protocol/jrt/JavaRuntimeURLConnection$1 done
Event: 10.129 Loading class jdk/internal/jimage/ImageBufferCache
Event: 10.130 Loading class jdk/internal/jimage/ImageBufferCache done
Event: 10.130 Loading class jdk/internal/jimage/ImageBufferCache$1
Event: 10.130 Loading class jdk/internal/jimage/ImageBufferCache$1 done
Event: 10.130 Loading class jdk/internal/jimage/ImageBufferCache$2
Event: 10.130 Loading class jdk/internal/jimage/ImageBufferCache$2 done
Event: 10.130 Loading class java/util/AbstractMap$SimpleEntry
Event: 10.130 Loading class java/util/AbstractMap$SimpleEntry done
Event: 10.300 Loading class java/nio/file/ReadOnlyFileSystemException
Event: 10.300 Loading class java/nio/file/ReadOnlyFileSystemException done
Event: 10.329 Loading class java/nio/file/ClosedFileSystemException
Event: 10.329 Loading class java/nio/file/ClosedFileSystemException done

Classes unloaded (0 events):
No events

Classes redefined (0 events):
No events

Internal exceptions (20 events):
Event: 4.242 Thread 0x0000025a16576470 Exception <a 'java/lang/NoSuchMethodError'{0x0000000088481bb8}: 'void java.lang.invoke.DirectMethodHandle$Holder.invokeSpecial(java.lang.Object, java.lang.Object, java.lang.Object, java.lang.Object, java.lang.Object, java.lang.Object)'> (0x0000000088481bb8) 
thrown [s\open\src\hotspot\share\interpreter\linkResolver.cpp, line 805]
Event: 4.334 Thread 0x0000025a16576470 Exception <a 'java/lang/NoSuchMethodError'{0x0000000088228868}: 'void java.lang.invoke.DirectMethodHandle$Holder.invokeVirtual(java.lang.Object, java.lang.Object, int)'> (0x0000000088228868) 
thrown [s\open\src\hotspot\share\interpreter\linkResolver.cpp, line 805]
Event: 4.335 Thread 0x0000025a16576470 Exception <a 'java/lang/NoSuchMethodError'{0x0000000088231020}: 'void java.lang.invoke.DirectMethodHandle$Holder.invokeSpecial(java.lang.Object, java.lang.Object, java.lang.Object, int)'> (0x0000000088231020) 
thrown [s\open\src\hotspot\share\interpreter\linkResolver.cpp, line 805]
Event: 4.336 Thread 0x0000025a16576470 Exception <a 'java/lang/NoSuchMethodError'{0x0000000088239380}: 'void java.lang.invoke.DelegatingMethodHandle$Holder.reinvoke_L(java.lang.Object, java.lang.Object, int)'> (0x0000000088239380) 
thrown [s\open\src\hotspot\share\interpreter\linkResolver.cpp, line 805]
Event: 5.237 Thread 0x0000025a16576470 Implicit null exception at 0x0000025a28d2e0e8 to 0x0000025a28d2e2cc
Event: 5.237 Thread 0x0000025a16576470 Implicit null exception at 0x0000025a28d7648a to 0x0000025a28d7669c
Event: 5.303 Thread 0x0000025a16576470 Exception <a 'java/lang/NoSuchMethodError'{0x0000000086012560}: 'java.lang.Object java.lang.invoke.DirectMethodHandle$Holder.newInvokeSpecial(java.lang.Object, java.lang.Object, java.lang.Object, java.lang.Object, java.lang.Object, java.lang.Object, java.lang.Object)'> (0x0000000086012560) 
thrown [s\open\src\hotspot\share\interpreter\linkResolver.cpp, line 805]
Event: 5.701 Thread 0x0000025a16576470 Exception <a 'java/lang/NoSuchMethodError'{0x000000008921ce98}: 'int java.lang.invoke.DirectMethodHandle$Holder.invokeVirtual(java.lang.Object, java.lang.Object)'> (0x000000008921ce98) 
thrown [s\open\src\hotspot\share\interpreter\linkResolver.cpp, line 805]
Event: 5.734 Thread 0x0000025a16576470 Implicit null exception at 0x0000025a28d960f9 to 0x0000025a28d967c4
Event: 5.772 Thread 0x0000025a16576470 Exception <a 'java/lang/NoSuchMethodError'{0x0000000089190980}: 'void java.lang.invoke.Invokers$Holder.invokeExact_MT(java.lang.Object, java.lang.Object, int, java.lang.Object)'> (0x0000000089190980) 
thrown [s\open\src\hotspot\share\interpreter\linkResolver.cpp, line 805]
Event: 8.492 Thread 0x0000025a16576470 Implicit null exception at 0x0000025a28cd9d14 to 0x0000025a28cda2b8
Event: 9.116 Thread 0x0000025a16576470 Exception <a 'java/io/IOException'{0x0000000086c985a8}> (0x0000000086c985a8) 
thrown [s\open\src\hotspot\share\prims\jni.cpp, line 518]
Event: 9.116 Thread 0x0000025a16576470 Exception <a 'java/io/IOException'{0x0000000086c98cb0}> (0x0000000086c98cb0) 
thrown [s\open\src\hotspot\share\prims\jni.cpp, line 518]
Event: 9.117 Thread 0x0000025a16576470 Exception <a 'java/io/IOException'{0x0000000086c993a8}> (0x0000000086c993a8) 
thrown [s\open\src\hotspot\share\prims\jni.cpp, line 518]
Event: 9.117 Thread 0x0000025a16576470 Exception <a 'java/io/IOException'{0x0000000086c99a80}> (0x0000000086c99a80) 
thrown [s\open\src\hotspot\share\prims\jni.cpp, line 518]
Event: 9.729 Thread 0x0000025a16576470 Exception <a 'java/io/IOException'{0x0000000086cbd5d8}> (0x0000000086cbd5d8) 
thrown [s\open\src\hotspot\share\prims\jni.cpp, line 518]
Event: 10.114 Thread 0x0000025a16576470 Exception <a 'java/lang/NoSuchMethodError'{0x0000000086a10930}: 'int java.lang.invoke.DirectMethodHandle$Holder.invokeInterface(java.lang.Object, java.lang.Object)'> (0x0000000086a10930) 
thrown [s\open\src\hotspot\share\interpreter\linkResolver.cpp, line 805]
Event: 10.233 Thread 0x0000025a16576470 Exception <a 'sun/nio/fs/WindowsException'{0x00000000869c64b0}> (0x00000000869c64b0) 
thrown [s\open\src\hotspot\share\prims\jni.cpp, line 518]
Event: 10.244 Thread 0x0000025a16576470 Exception <a 'java/lang/NoSuchMethodError'{0x00000000869dde58}: 'int java.lang.invoke.DirectMethodHandle$Holder.invokeVirtual(java.lang.Object, java.lang.Object, java.lang.Object)'> (0x00000000869dde58) 
thrown [s\open\src\hotspot\share\interpreter\linkResolver.cpp, line 805]
Event: 10.245 Thread 0x0000025a16576470 Exception <a 'java/lang/NoSuchMethodError'{0x00000000869ed7f0}: 'void java.lang.invoke.DirectMethodHandle$Holder.invokeInterface(java.lang.Object, java.lang.Object, java.lang.Object)'> (0x00000000869ed7f0) 
thrown [s\open\src\hotspot\share\interpreter\linkResolver.cpp, line 805]

VM Operations (20 events):
Event: 3.941 Executing VM operation: HandshakeAllThreads (Deoptimize)
Event: 3.941 Executing VM operation: HandshakeAllThreads (Deoptimize) done
Event: 4.020 Executing VM operation: HandshakeAllThreads (Deoptimize)
Event: 4.020 Executing VM operation: HandshakeAllThreads (Deoptimize) done
Event: 4.065 Executing VM operation: HandshakeAllThreads (Deoptimize)
Event: 4.065 Executing VM operation: HandshakeAllThreads (Deoptimize) done
Event: 4.095 Executing VM operation: HandshakeAllThreads (Deoptimize)
Event: 4.095 Executing VM operation: HandshakeAllThreads (Deoptimize) done
Event: 4.148 Executing VM operation: HandshakeAllThreads (Deoptimize)
Event: 4.148 Executing VM operation: HandshakeAllThreads (Deoptimize) done
Event: 4.151 Executing VM operation: HandshakeAllThreads (Deoptimize)
Event: 4.151 Executing VM operation: HandshakeAllThreads (Deoptimize) done
Event: 5.398 Executing VM operation: G1CollectForAllocation (G1 Evacuation Pause)
Event: 5.415 Executing VM operation: G1CollectForAllocation (G1 Evacuation Pause) done
Event: 5.771 Executing VM operation: HandshakeAllThreads (Deoptimize)
Event: 5.771 Executing VM operation: HandshakeAllThreads (Deoptimize) done
Event: 9.870 Executing VM operation: HandshakeAllThreads (Deoptimize)
Event: 9.870 Executing VM operation: HandshakeAllThreads (Deoptimize) done
Event: 10.109 Executing VM operation: HandshakeAllThreads (Deoptimize)
Event: 10.109 Executing VM operation: HandshakeAllThreads (Deoptimize) done

Memory protections (0 events):
No events

Nmethod flushes (0 events):
No events

Events (20 events):
Event: 0.059 Thread 0x0000025a16576470 Thread added: 0x0000025a3581a8e0
Event: 0.184 Thread 0x0000025a357460a0 Thread added: 0x0000025a358f23e0
Event: 0.342 Thread 0x0000025a16576470 Thread added: 0x0000025a35b17a40
Event: 0.357 Thread 0x0000025a358f23e0 Thread exited: 0x0000025a358f23e0
Event: 0.381 Thread 0x0000025a35b17a40 Thread exited: 0x0000025a35b17a40
Event: 0.674 Thread 0x0000025a357460a0 Thread added: 0x0000025a7b6e3b20
Event: 1.020 Thread 0x0000025a7b6e3b20 Thread exited: 0x0000025a7b6e3b20
Event: 1.275 Thread 0x0000025a35749040 Thread added: 0x0000025a7b9500a0
Event: 1.350 Thread 0x0000025a35749040 Thread added: 0x0000025a7b9a3e80
Event: 1.519 Thread 0x0000025a7b9a3e80 Thread exited: 0x0000025a7b9a3e80
Event: 2.466 Thread 0x0000025a7b9500a0 Thread exited: 0x0000025a7b9500a0
Event: 3.463 Thread 0x0000025a35749040 Thread added: 0x0000025a7bc02470
Event: 4.024 Thread 0x0000025a7bc02470 Thread exited: 0x0000025a7bc02470
Event: 4.092 Thread 0x0000025a16576470 Thread added: 0x0000025a7bdc77b0
Event: 4.208 Thread 0x0000025a35749040 Thread added: 0x0000025a7bdb9f50
Event: 4.571 Thread 0x0000025a35749040 Thread added: 0x0000025a7c014a40
Event: 6.339 Thread 0x0000025a7c014a40 Thread exited: 0x0000025a7c014a40
Event: 6.339 Thread 0x0000025a7bdb9f50 Thread exited: 0x0000025a7bdb9f50
Event: 8.998 Thread 0x0000025a357460a0 Thread added: 0x0000025a7c5ea8d0
Event: 9.811 Thread 0x0000025a7c5ea8d0 Thread exited: 0x0000025a7c5ea8d0


Dynamic libraries:
0x00007ff6082f0000 - 0x00007ff608300000 	C:\Program Files\Java\jdk-24\bin\java.exe
0x00007ffabb190000 - 0x00007ffabb388000 	C:\WINDOWS\SYSTEM32\ntdll.dll
0x00007ffaba660000 - 0x00007ffaba722000 	C:\WINDOWS\System32\KERNEL32.DLL
0x00007ffab8860000 - 0x00007ffab8b56000 	C:\WINDOWS\System32\KERNELBASE.dll
0x00007ffab8fa0000 - 0x00007ffab90a0000 	C:\WINDOWS\System32\ucrtbase.dll
0x00007ffa8dfc0000 - 0x00007ffa8dfd6000 	C:\Program Files\Java\jdk-24\bin\jli.dll
0x00007ffab9650000 - 0x00007ffab97ed000 	C:\WINDOWS\System32\USER32.dll
0x00007ffab8830000 - 0x00007ffab8852000 	C:\WINDOWS\System32\win32u.dll
0x00007ffab93c0000 - 0x00007ffab93eb000 	C:\WINDOWS\System32\GDI32.dll
0x00007ffab90a0000 - 0x00007ffab91ba000 	C:\WINDOWS\System32\gdi32full.dll
0x00007ffab8b90000 - 0x00007ffab8c2d000 	C:\WINDOWS\System32\msvcp_win.dll
0x00007ffa89e60000 - 0x00007ffa89e7b000 	C:\Program Files\Java\jdk-24\bin\VCRUNTIME140.dll
0x00007ffaabcd0000 - 0x00007ffaabf6a000 	C:\WINDOWS\WinSxS\amd64_microsoft.windows.common-controls_6595b64144ccf1df_6.0.19041.5794_none_60bcd33171f2783c\COMCTL32.dll
0x00007ffabae40000 - 0x00007ffabaede000 	C:\WINDOWS\System32\msvcrt.dll
0x00007ffaba500000 - 0x00007ffaba52f000 	C:\WINDOWS\System32\IMM32.DLL
0x00007ffa834e0000 - 0x00007ffa835fa000 	C:\Program Files\Topaz OFD\Warsaw\wslbscr64.dll
0x00007ffaba530000 - 0x00007ffaba5df000 	C:\WINDOWS\System32\ADVAPI32.dll
0x00007ffab9290000 - 0x00007ffab932f000 	C:\WINDOWS\System32\sechost.dll
0x00007ffabb020000 - 0x00007ffabb143000 	C:\WINDOWS\System32\RPCRT4.dll
0x00007ffab8b60000 - 0x00007ffab8b87000 	C:\WINDOWS\System32\bcrypt.dll
0x00007ffab9c60000 - 0x00007ffaba3ce000 	C:\WINDOWS\System32\SHELL32.dll
0x00007ffab7a80000 - 0x00007ffab7ab3000 	C:\WINDOWS\SYSTEM32\ntmarta.dll
0x00007ffa841d0000 - 0x00007ffa842ca000 	C:\Program Files\Topaz OFD\Warsaw\wslbscrwh64.dll
0x00007ffab0560000 - 0x00007ffab056c000 	C:\Program Files\Java\jdk-24\bin\vcruntime140_1.dll
0x00007ffa42d50000 - 0x00007ffa42dde000 	C:\Program Files\Java\jdk-24\bin\msvcp140.dll
0x00007ffa16770000 - 0x00007ffa17512000 	C:\Program Files\Java\jdk-24\bin\server\jvm.dll
0x00007ffaba800000 - 0x00007ffaba86b000 	C:\WINDOWS\System32\WS2_32.dll
0x00007ffab7d30000 - 0x00007ffab7d7b000 	C:\WINDOWS\SYSTEM32\POWRPROF.dll
0x00007ffaad200000 - 0x00007ffaad227000 	C:\WINDOWS\SYSTEM32\WINMM.dll
0x00007ffaaf620000 - 0x00007ffaaf62a000 	C:\WINDOWS\SYSTEM32\VERSION.dll
0x00007ffab7bf0000 - 0x00007ffab7c02000 	C:\WINDOWS\SYSTEM32\UMPDC.dll
0x00007ffab6690000 - 0x00007ffab66a2000 	C:\WINDOWS\SYSTEM32\kernel.appcore.dll
0x00007ffaa2f20000 - 0x00007ffaa2f2a000 	C:\Program Files\Java\jdk-24\bin\jimage.dll
0x00007ffab1220000 - 0x00007ffab1421000 	C:\WINDOWS\SYSTEM32\DBGHELP.DLL
0x00007ffa8a100000 - 0x00007ffa8a134000 	C:\WINDOWS\SYSTEM32\dbgcore.DLL
0x00007ffab8e60000 - 0x00007ffab8ee2000 	C:\WINDOWS\System32\bcryptPrimitives.dll
0x00007ffa88680000 - 0x00007ffa8869e000 	C:\Program Files\Java\jdk-24\bin\java.dll
0x00007ffaba3d0000 - 0x00007ffaba4fb000 	C:\WINDOWS\System32\ole32.dll
0x00007ffaba870000 - 0x00007ffababc3000 	C:\WINDOWS\System32\combase.dll
0x00007ffab6890000 - 0x00007ffab7033000 	C:\WINDOWS\SYSTEM32\windows.storage.dll
0x00007ffab8240000 - 0x00007ffab826b000 	C:\WINDOWS\SYSTEM32\Wldp.dll
0x00007ffaba730000 - 0x00007ffaba7fd000 	C:\WINDOWS\System32\OLEAUT32.dll
0x00007ffab91d0000 - 0x00007ffab927d000 	C:\WINDOWS\System32\SHCORE.dll
0x00007ffab95f0000 - 0x00007ffab9645000 	C:\WINDOWS\System32\shlwapi.dll
0x00007ffab8760000 - 0x00007ffab8785000 	C:\WINDOWS\SYSTEM32\profapi.dll
0x00007ffa37840000 - 0x00007ffa37917000 	C:\Program Files\Java\jdk-24\bin\jsvml.dll
0x00007ffa8c220000 - 0x00007ffa8c230000 	C:\Program Files\Java\jdk-24\bin\net.dll
0x00007ffab7f60000 - 0x00007ffab7fcc000 	C:\WINDOWS\system32\mswsock.dll
0x00007ffa88570000 - 0x00007ffa88586000 	C:\Program Files\Java\jdk-24\bin\nio.dll
0x00007ffa88550000 - 0x00007ffa88567000 	C:\Program Files\Java\jdk-24\bin\zip.dll
0x00007ffa81340000 - 0x00007ffa81364000 	C:\Program Files\Apache\Maven\apache-maven-3.9.9\lib\jansi-native\Windows\x86_64\jansi.dll
0x00007ffa885d0000 - 0x00007ffa885e0000 	C:\Program Files\Java\jdk-24\bin\verify.dll

dbghelp: loaded successfully - version: 4.0.5 - missing functions: none
symbol engine: initialized successfully - sym options: 0x614 - pdb path: .;C:\Program Files\Java\jdk-24\bin;C:\WINDOWS\SYSTEM32;C:\WINDOWS\WinSxS\amd64_microsoft.windows.common-controls_6595b64144ccf1df_6.0.19041.5794_none_60bcd33171f2783c;C:\Program Files\Topaz OFD\Warsaw;C:\Program Files\Java\jdk-24\bin\server;C:\Program Files\Apache\Maven\apache-maven-3.9.9\lib\jansi-native\Windows\x86_64

VM Arguments:
jvm_args: -Dclassworlds.conf=C:\Program Files\Apache\Maven\apache-maven-3.9.9\bin\m2.conf -Dmaven.home=C:\Program Files\Apache\Maven\apache-maven-3.9.9 -Dlibrary.jansi.path=C:\Program Files\Apache\Maven\apache-maven-3.9.9\lib\jansi-native -Dmaven.multiModuleProjectDirectory=H:\POO\projeto\clinica 
java_command: org.codehaus.plexus.classworlds.launcher.Launcher clean compile
java_class_path (initial): C:\Program Files\Apache\Maven\apache-maven-3.9.9\boot\plexus-classworlds-2.8.0.jar
Launcher Type: SUN_STANDARD

[Global flags]
     intx CICompilerCount                          = 4                                         {product} {ergonomic}
     uint ConcGCThreads                            = 2                                         {product} {ergonomic}
     uint G1ConcRefinementThreads                  = 8                                         {product} {ergonomic}
   size_t G1HeapRegionSize                         = 1048576                                   {product} {ergonomic}
   size_t InitialHeapSize                          = 134217728                                 {product} {ergonomic}
   size_t MarkStackSize                            = 4194304                                   {product} {ergonomic}
   size_t MarkStackSizeMax                         = 536870912                                 {product} {ergonomic}
   size_t MaxHeapSize                              = 2120220672                                {product} {ergonomic}
   size_t MaxNewSize                               = 1271922688                                {product} {ergonomic}
   size_t MinHeapDeltaBytes                        = 1048576                                   {product} {ergonomic}
   size_t MinHeapSize                              = 8388608                                   {product} {ergonomic}
    uintx NonNMethodCodeHeapSize                   = 5832704                                {pd product} {ergonomic}
    uintx NonProfiledCodeHeapSize                  = 122945536                              {pd product} {ergonomic}
    uintx ProfiledCodeHeapSize                     = 122880000                              {pd product} {ergonomic}
    uintx ReservedCodeCacheSize                    = 251658240                              {pd product} {ergonomic}
     bool SegmentedCodeCache                       = true                                      {product} {ergonomic}
   size_t SoftMaxHeapSize                          = 2120220672                             {manageable} {ergonomic}
     bool UseCompressedOops                        = true                           {product lp64_product} {ergonomic}
     bool UseG1GC                                  = true                                      {product} {ergonomic}
     bool UseLargePagesIndividualAllocation        = false                                  {pd product} {ergonomic}

Logging:
Log output configuration:
 #0: stdout all=warning uptime,level,tags foldmultilines=false
 #1: stderr all=off uptime,level,tags foldmultilines=false

Environment Variables:
PATH=C:\Program Files\Common Files\Oracle\Java\javapath;C:\Program Files (x86)\Common Files\Oracle\Java\javapath;C:\WINDOWS\system32;C:\WINDOWS;C:\WINDOWS\System32\Wbem;C:\WINDOWS\System32\WindowsPowerShell\v1.0\;C:\WINDOWS\System32\OpenSSH\;C:\Program Files (x86)\Microsoft SQL Server\140\Tools\Binn\;C:\Program Files\Microsoft SQL Server\140\Tools\Binn\;C:\Program Files (x86)\Microsoft SQL Server\140\DTS\Binn\;C:\Program Files\Microsoft SQL Server\140\DTS\Binn\;C:\Program Files\Microsoft SQL Server\Client SDK\ODBC\130\Tools\Binn\;C:\Program Files\Git\cmd;C:\Program Files\dotnet\;C:\Program Files\nodejs\;C:\Program Files\Docker\Docker\resources\bin;C:\Ruby33-x64\bin;C:\Users\USUARIO\AppData\Local\Programs\Python\Python311\Scripts\;C:\Users\USUARIO\AppData\Local\Programs\Python\Python311\;C:\Users\USUARIO\AppData\Local\Microsoft\WindowsApps;C:\Users\USUARIO\AppData\Local\Programs\Microsoft VS Code\bin;C:\flutter\bin;C:\Users\USUARIO\AppData\Roaming\npm;C:\Program Files\nodejs;C:\Program Files\PostgreSQL\17\bin;C:\Program Files\LOVE\love.exe;C:\ngrok;C:\Users\USUARIO\AppData\Local\Programs\cursor\resources\app\bin;C:\Program Files\Java\jdk-24\bin;C:\Program Files\Apache\Maven\apache-maven-3.9.9\bin;
USERNAME=USUARIO
LANG=en_US.UTF-8
OS=Windows_NT
PROCESSOR_IDENTIFIER=AMD64 Family 23 Model 1 Stepping 1, AuthenticAMD
TMP=C:\Users\USUARIO\AppData\Local\Temp
TEMP=C:\Users\USUARIO\AppData\Local\Temp




Periodic native trim disabled

---------------  S Y S T E M  ---------------

OS:
 Windows 10 , 64 bit Build 19041 (10.0.19041.5794)
OS uptime: 0 days 16:19 hours
Hyper-V role detected

CPU: total 8 (initial active 8) (8 cores per cpu, 2 threads per core) family 23 model 1 stepping 1 microcode 0x0, cx8, cmov, fxsr, ht, mmx, 3dnowpref, sse, sse2, sse3, ssse3, sse4a, sse4.1, sse4.2, popcnt, lzcnt, tsc, tscinvbit, avx, avx2, aes, clmul, bmi1, bmi2, adx, sha, fma, vzeroupper, clflush, clflushopt, hv, rdtscp, f16c
Processor Information for the first 8 processors :
  Max Mhz: 3200, Current Mhz: 3200, Mhz Limit: 3200

Memory: 4k page, system-wide physical 8085M (759M free)
TotalPageFile size 24540M (AvailPageFile size 3956M)
current process WorkingSet (physical memory assigned to process): 117M, peak: 173M
current process commit charge ("private bytes"): 184M, peak: 287M

vm_info: Java HotSpot(TM) 64-Bit Server VM (24+36-3646) for windows-amd64 JRE (24+36-3646), built on 2025-02-06T00:20:43Z with MS VC++ 17.6 (VS2022)

END.
